<?xml version="1.0" encoding="UTF-8"?>
<!-- Generated by org.testng.reporters.JUnitReportReporter -->
<testsuite hostname="Machine" failures="0" tests="1" name="com.medicita.mymessagetest.ComposeMsgTest" time="119.181" errors="0" timestamp="06 Dec 2018 06:52:02 GMT" skipped="0">
  <testcase classname="com.medicita.mymessagetest.ComposeMsgTest" name="selectdoctortest" time="119.181"/>
</testsuite> <!-- com.medicita.mymessagetest.ComposeMsgTest -->
