<?xml version="1.0" encoding="UTF-8"?>
<!-- Generated by org.testng.reporters.JUnitReportReporter -->
<testsuite hostname="Machine" failures="0" tests="1" name="com.medicita.logintest.logintest" time="105.363" errors="0" timestamp="06 Dec 2018 06:47:19 GMT" skipped="0">
  <testcase classname="com.medicita.logintest.logintest" name="verifylogintest" time="105.363"/>
</testsuite> <!-- com.medicita.logintest.logintest -->
