<?xml version="1.0" encoding="UTF-8"?>
<!-- Generated by org.testng.reporters.JUnitReportReporter -->
<testsuite hostname="Machine" failures="0" tests="1" name="com.medicita.logintest.logintest" time="161.919" errors="0" timestamp="29 Nov 2018 10:27:21 GMT" skipped="0">
  <testcase classname="com.medicita.logintest.logintest" name="verifylogintest" time="161.919"/>
</testsuite> <!-- com.medicita.logintest.logintest -->
