<?xml version="1.0" encoding="UTF-8"?>
<!-- Generated by org.testng.reporters.JUnitReportReporter -->
<testsuite hostname="Machine" failures="0" tests="1" name="com.medicita.genriclib.SignUp" time="0.002" errors="0" timestamp="06 Dec 2018 06:34:03 GMT" skipped="0">
  <testcase classname="com.medicita.genriclib.SignUp" name="createpatient" time="0.002"/>
</testsuite> <!-- com.medicita.genriclib.SignUp -->
