<?xml version="1.0" encoding="UTF-8"?>
<!-- Generated by org.testng.reporters.JUnitReportReporter -->
<testsuite hostname="Machine" failures="0" tests="1" name="com.medicita.genriclib.Med_SignUp" time="9.547" errors="0" timestamp="06 Dec 2018 06:34:03 GMT" skipped="0">
  <testcase classname="com.medicita.genriclib.Med_SignUp" name="signUpTest" time="9.547"/>
</testsuite> <!-- com.medicita.genriclib.Med_SignUp -->
