<?xml version="1.0" encoding="UTF-8"?>
<!-- Generated by org.testng.reporters.JUnitReportReporter -->
<testsuite hostname="work" failures="0" tests="1" name="com.medicita.Med_SignUp" time="52.338" errors="0" timestamp="26 Oct 2018 14:30:46 GMT" skipped="0">
  <testcase classname="com.medicita.Med_SignUp" name="login" time="52.338"/>
</testsuite> <!-- com.medicita.Med_SignUp -->
